[35m[1mScanning dependencies of target cubepilot.xml-v2.0[0m
[35m[1mScanning dependencies of target icarous.xml-v1.0[0m
[35m[1mScanning dependencies of target csAirLink.xml-v1.0[0m
[35m[1mScanning dependencies of target uAvionix.xml-v1.0[0m
[35m[1mScanning dependencies of target paparazzi.xml-v2.0[0m
[35m[1mScanning dependencies of target ualberta.xml-v1.0[0m
[35m[1mScanning dependencies of target standard.xml-v1.0[0m
[35m[1mScanning dependencies of target ualberta.xml-v2.0[0m
[35m[1mScanning dependencies of target paparazzi.xml-v1.0[0m
[35m[1mScanning dependencies of target cubepilot.xml-v1.0[0m
[  3%] [34m[1mGenerating include/v1.0/paparazzi/paparazzi.h[0m
[35m[1mScanning dependencies of target storm32.xml-v1.0[0m
[  6%] [34m[1mGenerating cubepilot-v2.0-cxx-stamp[0m
[ 10%] [34m[1mGenerating paparazzi-v2.0-cxx-stamp[0m
[ 13%] [34m[1mGenerating ualberta-v2.0-cxx-stamp[0m
[ 23%] [34m[1mGenerating include/v1.0/csAirLink/csAirLink.h[0m
[ 23%] [34m[1mGenerating include/v1.0/ualberta/ualberta.h[0m
[ 26%] [34m[1mGenerating include/v1.0/uAvionix/uAvionix.h[0m
[ 23%] [34m[1mGenerating include/v1.0/icarous/icarous.h[0m
[ 30%] [34m[1mGenerating include/v1.0/standard/standard.h[0m
[ 33%] [34m[1mGenerating include/v1.0/cubepilot/cubepilot.h[0m
[ 36%] [34m[1mGenerating include/v1.0/storm32/storm32.h[0m
Validating /home/rjrosales/git/thrust_vectoring_ws/src/mavlink/message_definitions/v1.0/cubepilot.xml
Validating /home/rjrosales/git/thrust_vectoring_ws/src/mavlink/message_definitions/v1.0/cubepilot.xml
Validating /home/rjrosales/git/thrust_vectoring_ws/src/mavlink/message_definitions/v1.0/storm32.xml
Validating /home/rjrosales/git/thrust_vectoring_ws/src/mavlink/message_definitions/v1.0/standard.xml
Validating /home/rjrosales/git/thrust_vectoring_ws/src/mavlink/message_definitions/v1.0/paparazzi.xml
Validating /home/rjrosales/git/thrust_vectoring_ws/src/mavlink/message_definitions/v1.0/uAvionix.xml
Validating /home/rjrosales/git/thrust_vectoring_ws/src/mavlink/message_definitions/v1.0/paparazzi.xml
Validating /home/rjrosales/git/thrust_vectoring_ws/src/mavlink/message_definitions/v1.0/csAirLink.xml
Validating /home/rjrosales/git/thrust_vectoring_ws/src/mavlink/message_definitions/v1.0/ualberta.xml
Validating /home/rjrosales/git/thrust_vectoring_ws/src/mavlink/message_definitions/v1.0/icarous.xml
Validating /home/rjrosales/git/thrust_vectoring_ws/src/mavlink/message_definitions/v1.0/ualberta.xml
Parsing /home/rjrosales/git/thrust_vectoring_ws/src/mavlink/message_definitions/v1.0/standard.xml
Validating /home/rjrosales/git/thrust_vectoring_ws/src/mavlink/message_definitions/v1.0/minimal.xml
Parsing /home/rjrosales/git/thrust_vectoring_ws/src/mavlink/message_definitions/v1.0/cubepilot.xml
Parsing /home/rjrosales/git/thrust_vectoring_ws/src/mavlink/message_definitions/v1.0/paparazzi.xml
Parsing /home/rjrosales/git/thrust_vectoring_ws/src/mavlink/message_definitions/v1.0/paparazzi.xml
Parsing /home/rjrosales/git/thrust_vectoring_ws/src/mavlink/message_definitions/v1.0/ualberta.xml
Parsing /home/rjrosales/git/thrust_vectoring_ws/src/mavlink/message_definitions/v1.0/cubepilot.xml
Parsing /home/rjrosales/git/thrust_vectoring_ws/src/mavlink/message_definitions/v1.0/icarous.xml
Parsing /home/rjrosales/git/thrust_vectoring_ws/src/mavlink/message_definitions/v1.0/minimal.xml
Parsing /home/rjrosales/git/thrust_vectoring_ws/src/mavlink/message_definitions/v1.0/uAvionix.xml
Parsing /home/rjrosales/git/thrust_vectoring_ws/src/mavlink/message_definitions/v1.0/ualberta.xml
Validating /home/rjrosales/git/thrust_vectoring_ws/src/mavlink/message_definitions/v1.0/common.xml
Found 0 MAVLink message types in 1 XML files
Validating /home/rjrosales/git/thrust_vectoring_ws/src/mavlink/message_definitions/v1.0/common.xml
Validating /home/rjrosales/git/thrust_vectoring_ws/src/mavlink/message_definitions/v1.0/common.xml
Parsing /home/rjrosales/git/thrust_vectoring_ws/src/mavlink/message_definitions/v1.0/storm32.xml
Validating /home/rjrosales/git/thrust_vectoring_ws/src/mavlink/message_definitions/v1.0/common.xml
Validating /home/rjrosales/git/thrust_vectoring_ws/src/mavlink/message_definitions/v1.0/common.xml
Generating C implementation in directory include/v1.0/icarous
Validating /home/rjrosales/git/thrust_vectoring_ws/src/mavlink/message_definitions/v1.0/common.xml
Validating /home/rjrosales/git/thrust_vectoring_ws/src/mavlink/message_definitions/v1.0/common.xml
Validating /home/rjrosales/git/thrust_vectoring_ws/src/mavlink/message_definitions/v1.0/ardupilotmega.xml
Parsing /home/rjrosales/git/thrust_vectoring_ws/src/mavlink/message_definitions/v1.0/csAirLink.xml
Found 0 MAVLink message types in 1 XML files
Generating C implementation in directory include/v1.0/csAirLink
Found 1 MAVLink message types in 2 XML files
Generating C implementation in directory include/v1.0/standard
Generating C implementation in directory include/v1.0/minimal
Copying fixed headers for protocol 1.0 to include/v1.0
Copying fixed headers for protocol 1.0 to include/v1.0
Parsing /home/rjrosales/git/thrust_vectoring_ws/src/mavlink/message_definitions/v1.0/ardupilotmega.xml
Copying fixed headers for protocol 1.0 to include/v1.0
Parsing /home/rjrosales/git/thrust_vectoring_ws/src/mavlink/message_definitions/v1.0/common.xml
Parsing /home/rjrosales/git/thrust_vectoring_ws/src/mavlink/message_definitions/v1.0/common.xml
[ 36%] Built target csAirLink.xml-v1.0
Parsing /home/rjrosales/git/thrust_vectoring_ws/src/mavlink/message_definitions/v1.0/common.xml
Parsing /home/rjrosales/git/thrust_vectoring_ws/src/mavlink/message_definitions/v1.0/common.xml
Parsing /home/rjrosales/git/thrust_vectoring_ws/src/mavlink/message_definitions/v1.0/common.xml
Validating /home/rjrosales/git/thrust_vectoring_ws/src/mavlink/message_definitions/v1.0/common.xml
Parsing /home/rjrosales/git/thrust_vectoring_ws/src/mavlink/message_definitions/v1.0/common.xml
[ 36%] Built target standard.xml-v1.0
Parsing /home/rjrosales/git/thrust_vectoring_ws/src/mavlink/message_definitions/v1.0/common.xml
[ 36%] Built target icarous.xml-v1.0
[35m[1mScanning dependencies of target uAvionix.xml-v2.0[0m
[35m[1mScanning dependencies of target all.xml-v1.0[0m
[35m[1mScanning dependencies of target ardupilotmega.xml-v1.0[0m
[ 40%] [34m[1mGenerating uAvionix-v2.0-cxx-stamp[0m
[ 43%] [34m[1mGenerating include/v1.0/all/all.h[0m
Parsing /home/rjrosales/git/thrust_vectoring_ws/src/mavlink/message_definitions/v1.0/common.xml
[ 46%] [34m[1mGenerating include/v1.0/ardupilotmega/ardupilotmega.h[0m
Validating /home/rjrosales/git/thrust_vectoring_ws/src/mavlink/message_definitions/v1.0/standard.xml
Parsing /home/rjrosales/git/thrust_vectoring_ws/src/mavlink/message_definitions/v1.0/standard.xml
Validating /home/rjrosales/git/thrust_vectoring_ws/src/mavlink/message_definitions/v1.0/minimal.xml
Parsing /home/rjrosales/git/thrust_vectoring_ws/src/mavlink/message_definitions/v1.0/minimal.xml
Validating /home/rjrosales/git/thrust_vectoring_ws/src/mavlink/message_definitions/v1.0/standard.xml
Parsing /home/rjrosales/git/thrust_vectoring_ws/src/mavlink/message_definitions/v1.0/standard.xml
Validating /home/rjrosales/git/thrust_vectoring_ws/src/mavlink/message_definitions/v1.0/minimal.xml
Validating /home/rjrosales/git/thrust_vectoring_ws/src/mavlink/message_definitions/v1.0/uAvionix.xml
Parsing /home/rjrosales/git/thrust_vectoring_ws/src/mavlink/message_definitions/v1.0/minimal.xml
Parsing /home/rjrosales/git/thrust_vectoring_ws/src/mavlink/message_definitions/v1.0/uAvionix.xml
Validating /home/rjrosales/git/thrust_vectoring_ws/src/mavlink/message_definitions/v1.0/all.xml
Validating /home/rjrosales/git/thrust_vectoring_ws/src/mavlink/message_definitions/v1.0/common.xml
Parsing /home/rjrosales/git/thrust_vectoring_ws/src/mavlink/message_definitions/v1.0/all.xml
Validating /home/rjrosales/git/thrust_vectoring_ws/src/mavlink/message_definitions/v1.0/ardupilotmega.xml
Validating /home/rjrosales/git/thrust_vectoring_ws/src/mavlink/message_definitions/v1.0/standard.xml
Parsing /home/rjrosales/git/thrust_vectoring_ws/src/mavlink/message_definitions/v1.0/standard.xml
Validating /home/rjrosales/git/thrust_vectoring_ws/src/mavlink/message_definitions/v1.0/minimal.xml
Validating /home/rjrosales/git/thrust_vectoring_ws/src/mavlink/message_definitions/v1.0/standard.xml
Found 149 MAVLink message types in 4 XML files
Parsing /home/rjrosales/git/thrust_vectoring_ws/src/mavlink/message_definitions/v1.0/standard.xml
Validating /home/rjrosales/git/thrust_vectoring_ws/src/mavlink/message_definitions/v1.0/minimal.xml
Generating C implementation in directory include/v1.0/paparazzi
Parsing /home/rjrosales/git/thrust_vectoring_ws/src/mavlink/message_definitions/v1.0/minimal.xml
Parsing /home/rjrosales/git/thrust_vectoring_ws/src/mavlink/message_definitions/v1.0/minimal.xml
Parsing /home/rjrosales/git/thrust_vectoring_ws/src/mavlink/message_definitions/v1.0/ardupilotmega.xml
Found 147 MAVLink message types in 4 XML files
Generating C implementation in directory include/v1.0/ualberta
Validating /home/rjrosales/git/thrust_vectoring_ws/src/mavlink/message_definitions/v1.0/standard.xml
Validating /home/rjrosales/git/thrust_vectoring_ws/src/mavlink/message_definitions/v1.0/ardupilotmega.xml
Parsing /home/rjrosales/git/thrust_vectoring_ws/src/mavlink/message_definitions/v1.0/standard.xml
Validating /home/rjrosales/git/thrust_vectoring_ws/src/mavlink/message_definitions/v1.0/minimal.xml
Validating /home/rjrosales/git/thrust_vectoring_ws/src/mavlink/message_definitions/v1.0/standard.xml
Generating C implementation in directory include/v1.0/common
Parsing /home/rjrosales/git/thrust_vectoring_ws/src/mavlink/message_definitions/v1.0/standard.xml
Validating /home/rjrosales/git/thrust_vectoring_ws/src/mavlink/message_definitions/v1.0/minimal.xml
Parsing /home/rjrosales/git/thrust_vectoring_ws/src/mavlink/message_definitions/v1.0/minimal.xml
Parsing /home/rjrosales/git/thrust_vectoring_ws/src/mavlink/message_definitions/v1.0/minimal.xml
Validating /home/rjrosales/git/thrust_vectoring_ws/src/mavlink/message_definitions/v1.0/standard.xml
Parsing /home/rjrosales/git/thrust_vectoring_ws/src/mavlink/message_definitions/v1.0/standard.xml
Generating C implementation in directory include/v1.0/common
Validating /home/rjrosales/git/thrust_vectoring_ws/src/mavlink/message_definitions/v1.0/minimal.xml
Found 144 MAVLink message types in 4 XML files
Found 144 MAVLink message types in 4 XML files
Generating C implementation in directory include/v1.0/cubepilot
Parsing /home/rjrosales/git/thrust_vectoring_ws/src/mavlink/message_definitions/v1.0/minimal.xml
Generating C implementation in directory include/v1.0/uAvionix
Generating C implementation in directory include/v1.0/common
Parsing /home/rjrosales/git/thrust_vectoring_ws/src/mavlink/message_definitions/v1.0/ardupilotmega.xml
Generating C implementation in directory include/v1.0/common
Validating /home/rjrosales/git/thrust_vectoring_ws/src/mavlink/message_definitions/v1.0/uAvionix.xml
Parsing /home/rjrosales/git/thrust_vectoring_ws/src/mavlink/message_definitions/v1.0/uAvionix.xml
Validating /home/rjrosales/git/thrust_vectoring_ws/src/mavlink/message_definitions/v1.0/icarous.xml
Parsing /home/rjrosales/git/thrust_vectoring_ws/src/mavlink/message_definitions/v1.0/icarous.xml
Validating /home/rjrosales/git/thrust_vectoring_ws/src/mavlink/message_definitions/v1.0/cubepilot.xml
Parsing /home/rjrosales/git/thrust_vectoring_ws/src/mavlink/message_definitions/v1.0/cubepilot.xml
Validating /home/rjrosales/git/thrust_vectoring_ws/src/mavlink/message_definitions/v1.0/csAirLink.xml
Found 226 MAVLink message types in 4 XML files
Parsing /home/rjrosales/git/thrust_vectoring_ws/src/mavlink/message_definitions/v1.0/csAirLink.xml
Validating /home/rjrosales/git/thrust_vectoring_ws/src/mavlink/message_definitions/v1.0/standard.xml
Parsing /home/rjrosales/git/thrust_vectoring_ws/src/mavlink/message_definitions/v1.0/standard.xml
Validating /home/rjrosales/git/thrust_vectoring_ws/src/mavlink/message_definitions/v1.0/minimal.xml
Found 228 MAVLink message types in 4 XML files
Generating C headers
Generating C implementation in directory include/v2.0/ualberta
Parsing /home/rjrosales/git/thrust_vectoring_ws/src/mavlink/message_definitions/v1.0/minimal.xml
Parsing /home/rjrosales/git/thrust_vectoring_ws/src/mavlink/message_definitions/v1.0/common.xml
Generating C headers
Generating C implementation in directory include/v2.0/cubepilot
Validating /home/rjrosales/git/thrust_vectoring_ws/src/mavlink/message_definitions/v1.0/ASLUAV.xml
Found 228 MAVLink message types in 4 XML files
Parsing /home/rjrosales/git/thrust_vectoring_ws/src/mavlink/message_definitions/v1.0/ASLUAV.xml
Generating C headers
Generating C implementation in directory include/v2.0/paparazzi
Merged enum MAV_CMD
Merged enum MAV_CMD
Validating /home/rjrosales/git/thrust_vectoring_ws/src/mavlink/message_definitions/v1.0/common.xml
Generating C implementation in directory include/v2.0/common
Generating C implementation in directory include/v2.0/common
Generating C implementation in directory include/v2.0/common
Found 192 MAVLink message types in 9 XML files
Generating C implementation in directory include/v1.0/storm32
Validating /home/rjrosales/git/thrust_vectoring_ws/src/mavlink/message_definitions/v1.0/common.xml
Generating C implementation in directory include/v1.0/ardupilotmega
Parsing /home/rjrosales/git/thrust_vectoring_ws/src/mavlink/message_definitions/v1.0/common.xml
Parsing /home/rjrosales/git/thrust_vectoring_ws/src/mavlink/message_definitions/v1.0/common.xml
Validating /home/rjrosales/git/thrust_vectoring_ws/src/mavlink/message_definitions/v1.0/standard.xml
Parsing /home/rjrosales/git/thrust_vectoring_ws/src/mavlink/message_definitions/v1.0/standard.xml
Validating /home/rjrosales/git/thrust_vectoring_ws/src/mavlink/message_definitions/v1.0/minimal.xml
Parsing /home/rjrosales/git/thrust_vectoring_ws/src/mavlink/message_definitions/v1.0/minimal.xml
Found 226 MAVLink message types in 4 XML files
Generating C implementation in directory include/v1.0/common
Generating C headers
Generating C implementation in directory include/v2.0/uAvionix
Validating /home/rjrosales/git/thrust_vectoring_ws/src/mavlink/message_definitions/v1.0/development.xml
Generating C implementation in directory include/v2.0/common
Parsing /home/rjrosales/git/thrust_vectoring_ws/src/mavlink/message_definitions/v1.0/development.xml
Validating /home/rjrosales/git/thrust_vectoring_ws/src/mavlink/message_definitions/v1.0/icarous.xml
Parsing /home/rjrosales/git/thrust_vectoring_ws/src/mavlink/message_definitions/v1.0/icarous.xml
Validating /home/rjrosales/git/thrust_vectoring_ws/src/mavlink/message_definitions/v1.0/minimal.xml
Parsing /home/rjrosales/git/thrust_vectoring_ws/src/mavlink/message_definitions/v1.0/minimal.xml
Validating /home/rjrosales/git/thrust_vectoring_ws/src/mavlink/message_definitions/v1.0/python_array_test.xml
Parsing /home/rjrosales/git/thrust_vectoring_ws/src/mavlink/message_definitions/v1.0/python_array_test.xml
Validating /home/rjrosales/git/thrust_vectoring_ws/src/mavlink/message_definitions/v1.0/standard.xml
Parsing /home/rjrosales/git/thrust_vectoring_ws/src/mavlink/message_definitions/v1.0/standard.xml
Validating /home/rjrosales/git/thrust_vectoring_ws/src/mavlink/message_definitions/v1.0/test.xml
Parsing /home/rjrosales/git/thrust_vectoring_ws/src/mavlink/message_definitions/v1.0/test.xml
Validating /home/rjrosales/git/thrust_vectoring_ws/src/mavlink/message_definitions/v1.0/ualberta.xml
Parsing /home/rjrosales/git/thrust_vectoring_ws/src/mavlink/message_definitions/v1.0/ualberta.xml
Validating /home/rjrosales/git/thrust_vectoring_ws/src/mavlink/message_definitions/v1.0/uAvionix.xml
Validating /home/rjrosales/git/thrust_vectoring_ws/src/mavlink/message_definitions/v1.0/uAvionix.xml
Parsing /home/rjrosales/git/thrust_vectoring_ws/src/mavlink/message_definitions/v1.0/uAvionix.xml
Validating /home/rjrosales/git/thrust_vectoring_ws/src/mavlink/message_definitions/v1.0/storm32.xml
Parsing /home/rjrosales/git/thrust_vectoring_ws/src/mavlink/message_definitions/v1.0/storm32.xml
Validating /home/rjrosales/git/thrust_vectoring_ws/src/mavlink/message_definitions/v1.0/AVSSUAS.xml
Parsing /home/rjrosales/git/thrust_vectoring_ws/src/mavlink/message_definitions/v1.0/uAvionix.xml
Parsing /home/rjrosales/git/thrust_vectoring_ws/src/mavlink/message_definitions/v1.0/AVSSUAS.xml
Validating /home/rjrosales/git/thrust_vectoring_ws/src/mavlink/message_definitions/v1.0/icarous.xml
Parsing /home/rjrosales/git/thrust_vectoring_ws/src/mavlink/message_definitions/v1.0/icarous.xml
Validating /home/rjrosales/git/thrust_vectoring_ws/src/mavlink/message_definitions/v1.0/cubepilot.xml
Parsing /home/rjrosales/git/thrust_vectoring_ws/src/mavlink/message_definitions/v1.0/cubepilot.xml
Validating /home/rjrosales/git/thrust_vectoring_ws/src/mavlink/message_definitions/v1.0/cubepilot.xml
Validating /home/rjrosales/git/thrust_vectoring_ws/src/mavlink/message_definitions/v1.0/csAirLink.xml
Parsing /home/rjrosales/git/thrust_vectoring_ws/src/mavlink/message_definitions/v1.0/csAirLink.xml
Parsing /home/rjrosales/git/thrust_vectoring_ws/src/mavlink/message_definitions/v1.0/cubepilot.xml
Validating /home/rjrosales/git/thrust_vectoring_ws/src/mavlink/message_definitions/v1.0/standard.xml
Parsing /home/rjrosales/git/thrust_vectoring_ws/src/mavlink/message_definitions/v1.0/standard.xml
Validating /home/rjrosales/git/thrust_vectoring_ws/src/mavlink/message_definitions/v1.0/minimal.xml
Validating /home/rjrosales/git/thrust_vectoring_ws/src/mavlink/message_definitions/v1.0/csAirLink.xml
Parsing /home/rjrosales/git/thrust_vectoring_ws/src/mavlink/message_definitions/v1.0/csAirLink.xml
Merged enum MAV_CMD
Merged enum MAV_CMD
Merged enum MAV_CMD
Merged enum MAV_CMD
Merged enum MAV_CMD
Merged enum MAV_CMD
Parsing /home/rjrosales/git/thrust_vectoring_ws/src/mavlink/message_definitions/v1.0/minimal.xml
Found 198 MAVLink message types in 16 XML files
Generating C implementation in directory include/v1.0/all
Generating C implementation in directory include/v1.0/ardupilotmega
Merged enum MAV_CMD
Found 192 MAVLink message types in 8 XML files
Generating C implementation in directory include/v1.0/ardupilotmega
Generating C implementation in directory include/v1.0/standard
Generating C implementation in directory include/v1.0/minimal
Copying fixed headers for protocol 1.0 to include/v1.0
Generating C implementation in directory include/v2.0/standard
Generating C implementation in directory include/v2.0/minimal
Copying fixed headers for protocol 2.0 to include/v2.0
Generating C++ implementation in directory include/v2.0/ualberta
Generating C++ implementation in directory include/v2.0/common
[ 46%] Built target paparazzi.xml-v1.0
[35m[1mScanning dependencies of target all.xml-v2.0[0m
[ 50%] [34m[1mGenerating all-v2.0-cxx-stamp[0m
Validating /home/rjrosales/git/thrust_vectoring_ws/src/mavlink/message_definitions/v1.0/all.xml
Parsing /home/rjrosales/git/thrust_vectoring_ws/src/mavlink/message_definitions/v1.0/all.xml
Validating /home/rjrosales/git/thrust_vectoring_ws/src/mavlink/message_definitions/v1.0/ardupilotmega.xml
Parsing /home/rjrosales/git/thrust_vectoring_ws/src/mavlink/message_definitions/v1.0/ardupilotmega.xml
Generating C++ implementation in directory include/v2.0/standard
Validating /home/rjrosales/git/thrust_vectoring_ws/src/mavlink/message_definitions/v1.0/ASLUAV.xml
Generating C++ implementation in directory include/v2.0/minimal
Parsing /home/rjrosales/git/thrust_vectoring_ws/src/mavlink/message_definitions/v1.0/ASLUAV.xml
Copying fixed C++ headers for protocol 2.0 to include/v2.0
Validating /home/rjrosales/git/thrust_vectoring_ws/src/mavlink/message_definitions/v1.0/common.xml
Parsing /home/rjrosales/git/thrust_vectoring_ws/src/mavlink/message_definitions/v1.0/common.xml
[ 50%] Built target ualberta.xml-v2.0
Validating /home/rjrosales/git/thrust_vectoring_ws/src/mavlink/message_definitions/v1.0/development.xml
Parsing /home/rjrosales/git/thrust_vectoring_ws/src/mavlink/message_definitions/v1.0/development.xml
[35m[1mScanning dependencies of target icarous.xml-v2.0[0m
Validating /home/rjrosales/git/thrust_vectoring_ws/src/mavlink/message_definitions/v1.0/icarous.xml
Parsing /home/rjrosales/git/thrust_vectoring_ws/src/mavlink/message_definitions/v1.0/icarous.xml
Validating /home/rjrosales/git/thrust_vectoring_ws/src/mavlink/message_definitions/v1.0/minimal.xml
Parsing /home/rjrosales/git/thrust_vectoring_ws/src/mavlink/message_definitions/v1.0/minimal.xml
Validating /home/rjrosales/git/thrust_vectoring_ws/src/mavlink/message_definitions/v1.0/python_array_test.xml
Parsing /home/rjrosales/git/thrust_vectoring_ws/src/mavlink/message_definitions/v1.0/python_array_test.xml
[ 53%] [34m[1mGenerating icarous-v2.0-cxx-stamp[0m
Validating /home/rjrosales/git/thrust_vectoring_ws/src/mavlink/message_definitions/v1.0/standard.xml
Parsing /home/rjrosales/git/thrust_vectoring_ws/src/mavlink/message_definitions/v1.0/standard.xml
Validating /home/rjrosales/git/thrust_vectoring_ws/src/mavlink/message_definitions/v1.0/test.xml
Parsing /home/rjrosales/git/thrust_vectoring_ws/src/mavlink/message_definitions/v1.0/test.xml
Validating /home/rjrosales/git/thrust_vectoring_ws/src/mavlink/message_definitions/v1.0/ualberta.xml
Parsing /home/rjrosales/git/thrust_vectoring_ws/src/mavlink/message_definitions/v1.0/ualberta.xml
Validating /home/rjrosales/git/thrust_vectoring_ws/src/mavlink/message_definitions/v1.0/uAvionix.xml
Parsing /home/rjrosales/git/thrust_vectoring_ws/src/mavlink/message_definitions/v1.0/uAvionix.xml
Validating /home/rjrosales/git/thrust_vectoring_ws/src/mavlink/message_definitions/v1.0/storm32.xml
Parsing /home/rjrosales/git/thrust_vectoring_ws/src/mavlink/message_definitions/v1.0/storm32.xml
Validating /home/rjrosales/git/thrust_vectoring_ws/src/mavlink/message_definitions/v1.0/AVSSUAS.xml
Parsing /home/rjrosales/git/thrust_vectoring_ws/src/mavlink/message_definitions/v1.0/AVSSUAS.xml
Validating /home/rjrosales/git/thrust_vectoring_ws/src/mavlink/message_definitions/v1.0/cubepilot.xml
Parsing /home/rjrosales/git/thrust_vectoring_ws/src/mavlink/message_definitions/v1.0/cubepilot.xml
Validating /home/rjrosales/git/thrust_vectoring_ws/src/mavlink/message_definitions/v1.0/csAirLink.xml
Parsing /home/rjrosales/git/thrust_vectoring_ws/src/mavlink/message_definitions/v1.0/csAirLink.xml
Merged enum MAV_CMD
Merged enum MAV_CMD
Merged enum MAV_CMD
Merged enum MAV_CMD
Merged enum MAV_CMD
Merged enum MAV_CMD
Found 356 MAVLink message types in 16 XML files
Generating C headers
Generating C implementation in directory include/v2.0/all
Generating C implementation in directory include/v2.0/ardupilotmega
Validating /home/rjrosales/git/thrust_vectoring_ws/src/mavlink/message_definitions/v1.0/icarous.xml
Parsing /home/rjrosales/git/thrust_vectoring_ws/src/mavlink/message_definitions/v1.0/icarous.xml
Found 2 MAVLink message types in 1 XML files
Generating C headers
Generating C implementation in directory include/v2.0/icarous
Copying fixed headers for protocol 2.0 to include/v2.0
Generating C++ implementation in directory include/v2.0/icarous
Copying fixed C++ headers for protocol 2.0 to include/v2.0
[ 53%] Built target icarous.xml-v2.0
[35m[1mScanning dependencies of target storm32.xml-v2.0[0m
[ 56%] [34m[1mGenerating storm32-v2.0-cxx-stamp[0m
Generating C implementation in directory include/v2.0/ASLUAV
Validating /home/rjrosales/git/thrust_vectoring_ws/src/mavlink/message_definitions/v1.0/storm32.xml
Generating C implementation in directory include/v2.0/common
Parsing /home/rjrosales/git/thrust_vectoring_ws/src/mavlink/message_definitions/v1.0/storm32.xml
Validating /home/rjrosales/git/thrust_vectoring_ws/src/mavlink/message_definitions/v1.0/ardupilotmega.xml
Parsing /home/rjrosales/git/thrust_vectoring_ws/src/mavlink/message_definitions/v1.0/ardupilotmega.xml
Validating /home/rjrosales/git/thrust_vectoring_ws/src/mavlink/message_definitions/v1.0/common.xml
Parsing /home/rjrosales/git/thrust_vectoring_ws/src/mavlink/message_definitions/v1.0/common.xml
Validating /home/rjrosales/git/thrust_vectoring_ws/src/mavlink/message_definitions/v1.0/uAvionix.xml
Parsing /home/rjrosales/git/thrust_vectoring_ws/src/mavlink/message_definitions/v1.0/uAvionix.xml
Validating /home/rjrosales/git/thrust_vectoring_ws/src/mavlink/message_definitions/v1.0/icarous.xml
Parsing /home/rjrosales/git/thrust_vectoring_ws/src/mavlink/message_definitions/v1.0/icarous.xml
Validating /home/rjrosales/git/thrust_vectoring_ws/src/mavlink/message_definitions/v1.0/cubepilot.xml
Parsing /home/rjrosales/git/thrust_vectoring_ws/src/mavlink/message_definitions/v1.0/cubepilot.xml
Validating /home/rjrosales/git/thrust_vectoring_ws/src/mavlink/message_definitions/v1.0/csAirLink.xml
Parsing /home/rjrosales/git/thrust_vectoring_ws/src/mavlink/message_definitions/v1.0/csAirLink.xml
Validating /home/rjrosales/git/thrust_vectoring_ws/src/mavlink/message_definitions/v1.0/standard.xml
Parsing /home/rjrosales/git/thrust_vectoring_ws/src/mavlink/message_definitions/v1.0/standard.xml
Validating /home/rjrosales/git/thrust_vectoring_ws/src/mavlink/message_definitions/v1.0/minimal.xml
Parsing /home/rjrosales/git/thrust_vectoring_ws/src/mavlink/message_definitions/v1.0/minimal.xml
Merged enum MAV_CMD
Merged enum MAV_CMD
Found 310 MAVLink message types in 9 XML files
Generating C headers
Generating C implementation in directory include/v2.0/storm32
Generating C implementation in directory include/v2.0/ardupilotmega
Generating C implementation in directory include/v1.0/ASLUAV
Generating C implementation in directory include/v1.0/common
Generating C implementation in directory include/v1.0/common
Generating C implementation in directory include/v1.0/standard
Generating C implementation in directory include/v1.0/minimal
Copying fixed headers for protocol 1.0 to include/v1.0
Generating C implementation in directory include/v2.0/common
Generating C implementation in directory include/v1.0/standard
[ 56%] Built target ualberta.xml-v1.0
Generating C implementation in directory include/v1.0/standard
Generating C implementation in directory include/v1.0/minimal
Generating C implementation in directory include/v1.0/minimal
Copying fixed headers for protocol 1.0 to include/v1.0
[35m[1mScanning dependencies of target development.xml-v1.0[0m
Copying fixed headers for protocol 1.0 to include/v1.0
[ 60%] [34m[1mGenerating include/v1.0/development/development.h[0m
[ 60%] Built target uAvionix.xml-v1.0
[ 60%] Built target cubepilot.xml-v1.0
[35m[1mScanning dependencies of target ASLUAV.xml-v1.0[0m
[35m[1mScanning dependencies of target AVSSUAS.xml-v2.0[0m
[ 66%] Built target ASLUAV.xml-v1.0
[ 66%] [34m[1mGenerating AVSSUAS-v2.0-cxx-stamp[0m
Validating /home/rjrosales/git/thrust_vectoring_ws/src/mavlink/message_definitions/v1.0/development.xml
[35m[1mScanning dependencies of target standard.xml-v2.0[0m
Parsing /home/rjrosales/git/thrust_vectoring_ws/src/mavlink/message_definitions/v1.0/development.xml
Validating /home/rjrosales/git/thrust_vectoring_ws/src/mavlink/message_definitions/v1.0/common.xml
[ 70%] [34m[1mGenerating standard-v2.0-cxx-stamp[0m
Parsing /home/rjrosales/git/thrust_vectoring_ws/src/mavlink/message_definitions/v1.0/common.xml
Validating /home/rjrosales/git/thrust_vectoring_ws/src/mavlink/message_definitions/v1.0/AVSSUAS.xml
Parsing /home/rjrosales/git/thrust_vectoring_ws/src/mavlink/message_definitions/v1.0/AVSSUAS.xml
Validating /home/rjrosales/git/thrust_vectoring_ws/src/mavlink/message_definitions/v1.0/common.xml
Validating /home/rjrosales/git/thrust_vectoring_ws/src/mavlink/message_definitions/v1.0/standard.xml
Parsing /home/rjrosales/git/thrust_vectoring_ws/src/mavlink/message_definitions/v1.0/common.xml
Parsing /home/rjrosales/git/thrust_vectoring_ws/src/mavlink/message_definitions/v1.0/standard.xml
Validating /home/rjrosales/git/thrust_vectoring_ws/src/mavlink/message_definitions/v1.0/minimal.xml
Parsing /home/rjrosales/git/thrust_vectoring_ws/src/mavlink/message_definitions/v1.0/minimal.xml
Found 2 MAVLink message types in 2 XML files
Generating C headers
Generating C implementation in directory include/v2.0/standard
Validating /home/rjrosales/git/thrust_vectoring_ws/src/mavlink/message_definitions/v1.0/standard.xml
Parsing /home/rjrosales/git/thrust_vectoring_ws/src/mavlink/message_definitions/v1.0/standard.xml
Validating /home/rjrosales/git/thrust_vectoring_ws/src/mavlink/message_definitions/v1.0/minimal.xml
Parsing /home/rjrosales/git/thrust_vectoring_ws/src/mavlink/message_definitions/v1.0/minimal.xml
Merged enum MAV_CMD
Merged enum MAV_CMD
Found 145 MAVLink message types in 4 XML files
Generating C implementation in directory include/v1.0/development
Generating C implementation in directory include/v1.0/common
Generating C implementation in directory include/v2.0/minimal
Validating /home/rjrosales/git/thrust_vectoring_ws/src/mavlink/message_definitions/v1.0/standard.xml
Parsing /home/rjrosales/git/thrust_vectoring_ws/src/mavlink/message_definitions/v1.0/standard.xml
Validating /home/rjrosales/git/thrust_vectoring_ws/src/mavlink/message_definitions/v1.0/minimal.xml
Parsing /home/rjrosales/git/thrust_vectoring_ws/src/mavlink/message_definitions/v1.0/minimal.xml
Merged enum MAV_CMD
Found 227 MAVLink message types in 4 XML files
Generating C headers
Generating C implementation in directory include/v2.0/AVSSUAS
Generating C implementation in directory include/v2.0/common
Copying fixed headers for protocol 2.0 to include/v2.0
Generating C++ implementation in directory include/v2.0/standard
Generating C++ implementation in directory include/v2.0/minimal
Copying fixed C++ headers for protocol 2.0 to include/v2.0
[ 70%] Built target standard.xml-v2.0
[35m[1mScanning dependencies of target common.xml-v1.0[0m
[ 73%] Built target common.xml-v1.0
[35m[1mScanning dependencies of target ardupilotmega.xml-v2.0[0m
[ 76%] [34m[1mGenerating ardupilotmega-v2.0-cxx-stamp[0m
Validating /home/rjrosales/git/thrust_vectoring_ws/src/mavlink/message_definitions/v1.0/ardupilotmega.xml
Generating C implementation in directory include/v1.0/uAvionix
Parsing /home/rjrosales/git/thrust_vectoring_ws/src/mavlink/message_definitions/v1.0/ardupilotmega.xml
Validating /home/rjrosales/git/thrust_vectoring_ws/src/mavlink/message_definitions/v1.0/common.xml
Parsing /home/rjrosales/git/thrust_vectoring_ws/src/mavlink/message_definitions/v1.0/common.xml
Generating C implementation in directory include/v1.0/icarous
Generating C implementation in directory include/v1.0/cubepilot
Validating /home/rjrosales/git/thrust_vectoring_ws/src/mavlink/message_definitions/v1.0/uAvionix.xml
Parsing /home/rjrosales/git/thrust_vectoring_ws/src/mavlink/message_definitions/v1.0/uAvionix.xml
Validating /home/rjrosales/git/thrust_vectoring_ws/src/mavlink/message_definitions/v1.0/icarous.xml
Parsing /home/rjrosales/git/thrust_vectoring_ws/src/mavlink/message_definitions/v1.0/icarous.xml
Validating /home/rjrosales/git/thrust_vectoring_ws/src/mavlink/message_definitions/v1.0/cubepilot.xml
Parsing /home/rjrosales/git/thrust_vectoring_ws/src/mavlink/message_definitions/v1.0/cubepilot.xml
Validating /home/rjrosales/git/thrust_vectoring_ws/src/mavlink/message_definitions/v1.0/csAirLink.xml
Parsing /home/rjrosales/git/thrust_vectoring_ws/src/mavlink/message_definitions/v1.0/csAirLink.xml
Validating /home/rjrosales/git/thrust_vectoring_ws/src/mavlink/message_definitions/v1.0/standard.xml
Parsing /home/rjrosales/git/thrust_vectoring_ws/src/mavlink/message_definitions/v1.0/standard.xml
Validating /home/rjrosales/git/thrust_vectoring_ws/src/mavlink/message_definitions/v1.0/minimal.xml
Parsing /home/rjrosales/git/thrust_vectoring_ws/src/mavlink/message_definitions/v1.0/minimal.xml
Merged enum MAV_CMD
Found 300 MAVLink message types in 8 XML files
Generating C headers
Generating C implementation in directory include/v2.0/ardupilotmega
Generating C implementation in directory include/v1.0/csAirLink
Generating C implementation in directory include/v1.0/standard
Generating C implementation in directory include/v1.0/minimal
Copying fixed headers for protocol 1.0 to include/v1.0
[ 76%] Built target storm32.xml-v1.0
[35m[1mScanning dependencies of target ASLUAV.xml-v2.0[0m
[ 80%] [34m[1mGenerating ASLUAV-v2.0-cxx-stamp[0m
Validating /home/rjrosales/git/thrust_vectoring_ws/src/mavlink/message_definitions/v1.0/ASLUAV.xml
Parsing /home/rjrosales/git/thrust_vectoring_ws/src/mavlink/message_definitions/v1.0/ASLUAV.xml
Validating /home/rjrosales/git/thrust_vectoring_ws/src/mavlink/message_definitions/v1.0/common.xml
Parsing /home/rjrosales/git/thrust_vectoring_ws/src/mavlink/message_definitions/v1.0/common.xml
Validating /home/rjrosales/git/thrust_vectoring_ws/src/mavlink/message_definitions/v1.0/standard.xml
Parsing /home/rjrosales/git/thrust_vectoring_ws/src/mavlink/message_definitions/v1.0/standard.xml
Validating /home/rjrosales/git/thrust_vectoring_ws/src/mavlink/message_definitions/v1.0/minimal.xml
Parsing /home/rjrosales/git/thrust_vectoring_ws/src/mavlink/message_definitions/v1.0/minimal.xml
Merged enum MAV_CMD
Found 240 MAVLink message types in 4 XML files
Generating C headers
Generating C implementation in directory include/v2.0/ASLUAV
Generating C implementation in directory include/v2.0/standard
Generating C implementation in directory include/v2.0/minimal
Generating C implementation in directory include/v2.0/common
Generating C implementation in directory include/v1.0/development
Generating C implementation in directory include/v2.0/standard
Generating C implementation in directory include/v2.0/minimal
Copying fixed headers for protocol 2.0 to include/v2.0
Generating C++ implementation in directory include/v2.0/cubepilot
Generating C++ implementation in directory include/v2.0/common
Generating C implementation in directory include/v1.0/icarous
Generating C implementation in directory include/v1.0/minimal
Generating C implementation in directory include/v1.0/python_array_test
Generating C implementation in directory include/v1.0/standard
Generating C implementation in directory include/v1.0/test
Generating C implementation in directory include/v1.0/ualberta
Generating C implementation in directory include/v1.0/uAvionix
Generating C implementation in directory include/v1.0/storm32
Generating C implementation in directory include/v1.0/AVSSUAS
Generating C implementation in directory include/v1.0/cubepilot
Generating C implementation in directory include/v1.0/csAirLink
Copying fixed headers for protocol 1.0 to include/v1.0
Generating C implementation in directory include/v1.0/uAvionix
[ 80%] Built target all.xml-v1.0
Generating C implementation in directory include/v1.0/icarous
Copying fixed headers for protocol 2.0 to include/v2.0
Generating C implementation in directory include/v1.0/cubepilot
Generating C++ implementation in directory include/v2.0/paparazzi
Generating C implementation in directory include/v1.0/csAirLink
Generating C implementation in directory include/v1.0/standard
Generating C++ implementation in directory include/v2.0/common
Generating C implementation in directory include/v1.0/minimal
[35m[1mScanning dependencies of target csAirLink.xml-v2.0[0m
Copying fixed headers for protocol 1.0 to include/v1.0
[ 83%] [34m[1mGenerating csAirLink-v2.0-cxx-stamp[0m
[ 83%] Built target ardupilotmega.xml-v1.0
[35m[1mScanning dependencies of target matrixpilot.xml-v1.0[0m
[ 86%] [34m[1mGenerating include/v1.0/matrixpilot/matrixpilot.h[0m
Validating /home/rjrosales/git/thrust_vectoring_ws/src/mavlink/message_definitions/v1.0/csAirLink.xml
Parsing /home/rjrosales/git/thrust_vectoring_ws/src/mavlink/message_definitions/v1.0/csAirLink.xml
Found 2 MAVLink message types in 1 XML files
Generating C headers
Generating C implementation in directory include/v2.0/csAirLink
Copying fixed headers for protocol 2.0 to include/v2.0
Generating C++ implementation in directory include/v2.0/csAirLink
Copying fixed C++ headers for protocol 2.0 to include/v2.0
Validating /home/rjrosales/git/thrust_vectoring_ws/src/mavlink/message_definitions/v1.0/matrixpilot.xml
Parsing /home/rjrosales/git/thrust_vectoring_ws/src/mavlink/message_definitions/v1.0/matrixpilot.xml
Validating /home/rjrosales/git/thrust_vectoring_ws/src/mavlink/message_definitions/v1.0/common.xml
Parsing /home/rjrosales/git/thrust_vectoring_ws/src/mavlink/message_definitions/v1.0/common.xml
[ 86%] Built target csAirLink.xml-v2.0
Generating C++ implementation in directory include/v2.0/standard
Generating C implementation in directory include/v2.0/standard
Generating C implementation in directory include/v2.0/minimal
Validating /home/rjrosales/git/thrust_vectoring_ws/src/mavlink/message_definitions/v1.0/standard.xml
Parsing /home/rjrosales/git/thrust_vectoring_ws/src/mavlink/message_definitions/v1.0/standard.xml
Validating /home/rjrosales/git/thrust_vectoring_ws/src/mavlink/message_definitions/v1.0/minimal.xml
Parsing /home/rjrosales/git/thrust_vectoring_ws/src/mavlink/message_definitions/v1.0/minimal.xml
Copying fixed headers for protocol 2.0 to include/v2.0
Generating C++ implementation in directory include/v2.0/uAvionix
Merged enum MAV_CMD
Generating C++ implementation in directory include/v2.0/common
Found 171 MAVLink message types in 4 XML files
[35m[1mScanning dependencies of target AVSSUAS.xml-v1.0[0m
Generating C implementation in directory include/v1.0/matrixpilot
[ 90%] Built target AVSSUAS.xml-v1.0
[35m[1mScanning dependencies of target development.xml-v2.0[0m
[ 93%] [34m[1mGenerating development-v2.0-cxx-stamp[0m
Generating C implementation in directory include/v1.0/common
Validating /home/rjrosales/git/thrust_vectoring_ws/src/mavlink/message_definitions/v1.0/development.xml
Parsing /home/rjrosales/git/thrust_vectoring_ws/src/mavlink/message_definitions/v1.0/development.xml
Validating /home/rjrosales/git/thrust_vectoring_ws/src/mavlink/message_definitions/v1.0/common.xml
Parsing /home/rjrosales/git/thrust_vectoring_ws/src/mavlink/message_definitions/v1.0/common.xml
Validating /home/rjrosales/git/thrust_vectoring_ws/src/mavlink/message_definitions/v1.0/standard.xml
Parsing /home/rjrosales/git/thrust_vectoring_ws/src/mavlink/message_definitions/v1.0/standard.xml
Validating /home/rjrosales/git/thrust_vectoring_ws/src/mavlink/message_definitions/v1.0/minimal.xml
Parsing /home/rjrosales/git/thrust_vectoring_ws/src/mavlink/message_definitions/v1.0/minimal.xml
Merged enum MAV_CMD
Merged enum MAV_CMD
Found 236 MAVLink message types in 4 XML files
Generating C headers
Generating C implementation in directory include/v2.0/development
Generating C implementation in directory include/v2.0/common
Generating C++ implementation in directory include/v2.0/minimal
Generating C implementation in directory include/v2.0/common
Copying fixed C++ headers for protocol 2.0 to include/v2.0
[ 93%] Built target cubepilot.xml-v2.0
[35m[1mScanning dependencies of target matrixpilot.xml-v2.0[0m
[ 96%] [34m[1mGenerating matrixpilot-v2.0-cxx-stamp[0m
Validating /home/rjrosales/git/thrust_vectoring_ws/src/mavlink/message_definitions/v1.0/matrixpilot.xml
Parsing /home/rjrosales/git/thrust_vectoring_ws/src/mavlink/message_definitions/v1.0/matrixpilot.xml
Validating /home/rjrosales/git/thrust_vectoring_ws/src/mavlink/message_definitions/v1.0/common.xml
Parsing /home/rjrosales/git/thrust_vectoring_ws/src/mavlink/message_definitions/v1.0/common.xml
Validating /home/rjrosales/git/thrust_vectoring_ws/src/mavlink/message_definitions/v1.0/standard.xml
Parsing /home/rjrosales/git/thrust_vectoring_ws/src/mavlink/message_definitions/v1.0/standard.xml
Validating /home/rjrosales/git/thrust_vectoring_ws/src/mavlink/message_definitions/v1.0/minimal.xml
Parsing /home/rjrosales/git/thrust_vectoring_ws/src/mavlink/message_definitions/v1.0/minimal.xml
Merged enum MAV_CMD
Found 250 MAVLink message types in 4 XML files
Generating C headers
Generating C implementation in directory include/v2.0/matrixpilot
Generating C implementation in directory include/v2.0/common
Generating C implementation in directory include/v1.0/standard
Generating C implementation in directory include/v1.0/minimal
Generating C implementation in directory include/v2.0/development
Copying fixed headers for protocol 1.0 to include/v1.0
[ 96%] Built target development.xml-v1.0
Generating C implementation in directory include/v2.0/icarous
Generating C implementation in directory include/v2.0/minimal
Generating C implementation in directory include/v2.0/python_array_test
Generating C implementation in directory include/v2.0/standard
Generating C implementation in directory include/v2.0/test
Generating C implementation in directory include/v2.0/ualberta
Generating C implementation in directory include/v2.0/uAvionix
Generating C implementation in directory include/v2.0/uAvionix
Generating C implementation in directory include/v2.0/icarous
Generating C implementation in directory include/v2.0/storm32
Generating C implementation in directory include/v2.0/cubepilot
Generating C implementation in directory include/v2.0/csAirLink
Generating C implementation in directory include/v2.0/standard
Generating C implementation in directory include/v2.0/minimal
Generating C implementation in directory include/v2.0/AVSSUAS
Copying fixed headers for protocol 2.0 to include/v2.0
Generating C++ implementation in directory include/v2.0/storm32
Generating C++ implementation in directory include/v2.0/ardupilotmega
Generating C implementation in directory include/v2.0/cubepilot
Generating C++ implementation in directory include/v2.0/common
Generating C++ implementation in directory include/v2.0/standard
Generating C++ implementation in directory include/v2.0/minimal
Generating C implementation in directory include/v2.0/csAirLink
Copying fixed C++ headers for protocol 2.0 to include/v2.0
Copying fixed headers for protocol 2.0 to include/v2.0
Generating C++ implementation in directory include/v2.0/all
Generating C++ implementation in directory include/v2.0/ardupilotmega
[ 96%] Built target paparazzi.xml-v2.0
Generating C++ implementation in directory include/v2.0/standard
Generating C++ implementation in directory include/v2.0/minimal
Generating C++ implementation in directory include/v2.0/ASLUAV
Copying fixed C++ headers for protocol 2.0 to include/v2.0
Generating C++ implementation in directory include/v2.0/common
[ 96%] Built target uAvionix.xml-v2.0
Generating C implementation in directory include/v1.0/standard
Generating C implementation in directory include/v1.0/minimal
Generating C implementation in directory include/v2.0/standard
Generating C implementation in directory include/v2.0/minimal
Copying fixed headers for protocol 1.0 to include/v1.0
[ 96%] Built target matrixpilot.xml-v1.0
Copying fixed headers for protocol 2.0 to include/v2.0
Generating C++ implementation in directory include/v2.0/AVSSUAS
Generating C++ implementation in directory include/v2.0/common
Generating C++ implementation in directory include/v2.0/uAvionix
Generating C++ implementation in directory include/v2.0/icarous
Generating C++ implementation in directory include/v2.0/cubepilot
Generating C++ implementation in directory include/v2.0/csAirLink
Generating C++ implementation in directory include/v2.0/development
Generating C++ implementation in directory include/v2.0/standard
Generating C++ implementation in directory include/v2.0/minimal
Copying fixed C++ headers for protocol 2.0 to include/v2.0
Generating C++ implementation in directory include/v2.0/icarous
[ 96%] Built target storm32.xml-v2.0
Generating C implementation in directory include/v2.0/uAvionix
Generating C implementation in directory include/v2.0/icarous
Generating C implementation in directory include/v2.0/cubepilot
Generating C implementation in directory include/v2.0/csAirLink
Generating C++ implementation in directory include/v2.0/minimal
Generating C implementation in directory include/v2.0/standard
Generating C implementation in directory include/v2.0/minimal
Generating C implementation in directory include/v2.0/standard
Generating C++ implementation in directory include/v2.0/python_array_test
Generating C++ implementation in directory include/v2.0/standard
Generating C++ implementation in directory include/v2.0/test
Copying fixed headers for protocol 2.0 to include/v2.0
Generating C++ implementation in directory include/v2.0/ualberta
Generating C++ implementation in directory include/v2.0/ASLUAV
Generating C++ implementation in directory include/v2.0/uAvionix
Generating C++ implementation in directory include/v2.0/storm32
Generating C++ implementation in directory include/v2.0/AVSSUAS
Generating C++ implementation in directory include/v2.0/cubepilot
Generating C++ implementation in directory include/v2.0/csAirLink
Copying fixed C++ headers for protocol 2.0 to include/v2.0
Generating C++ implementation in directory include/v2.0/standard
[ 96%] Built target all.xml-v2.0
Generating C++ implementation in directory include/v2.0/minimal
Copying fixed C++ headers for protocol 2.0 to include/v2.0
[ 96%] Built target AVSSUAS.xml-v2.0
Generating C implementation in directory include/v2.0/minimal
Copying fixed headers for protocol 2.0 to include/v2.0
Generating C++ implementation in directory include/v2.0/common
Generating C++ implementation in directory include/v2.0/ardupilotmega
Generating C++ implementation in directory include/v2.0/common
Generating C implementation in directory include/v2.0/standard
Generating C++ implementation in directory include/v2.0/standard
Generating C++ implementation in directory include/v2.0/minimal
Generating C implementation in directory include/v2.0/minimal
Copying fixed C++ headers for protocol 2.0 to include/v2.0
Copying fixed headers for protocol 2.0 to include/v2.0
Generating C++ implementation in directory include/v2.0/development
[ 96%] Built target ASLUAV.xml-v2.0
Generating C++ implementation in directory include/v2.0/common
Generating C implementation in directory include/v2.0/standard
Generating C implementation in directory include/v2.0/minimal
Copying fixed headers for protocol 2.0 to include/v2.0
Generating C++ implementation in directory include/v2.0/matrixpilot
Generating C++ implementation in directory include/v2.0/common
Generating C++ implementation in directory include/v2.0/uAvionix
Generating C++ implementation in directory include/v2.0/icarous
Generating C++ implementation in directory include/v2.0/cubepilot
Generating C++ implementation in directory include/v2.0/csAirLink
Generating C++ implementation in directory include/v2.0/standard
Generating C++ implementation in directory include/v2.0/minimal
Copying fixed C++ headers for protocol 2.0 to include/v2.0
[ 96%] Built target ardupilotmega.xml-v2.0
Generating C++ implementation in directory include/v2.0/standard
Generating C++ implementation in directory include/v2.0/minimal
Copying fixed C++ headers for protocol 2.0 to include/v2.0
[ 96%] Built target development.xml-v2.0
Generating C++ implementation in directory include/v2.0/standard
Generating C++ implementation in directory include/v2.0/minimal
Copying fixed C++ headers for protocol 2.0 to include/v2.0
[ 96%] Built target matrixpilot.xml-v2.0
[35m[1mScanning dependencies of target common.xml-v2.0[0m
[100%] [34m[1mGenerating common-v2.0-cxx-stamp[0m
Validating /home/rjrosales/git/thrust_vectoring_ws/src/mavlink/message_definitions/v1.0/common.xml
Parsing /home/rjrosales/git/thrust_vectoring_ws/src/mavlink/message_definitions/v1.0/common.xml
Validating /home/rjrosales/git/thrust_vectoring_ws/src/mavlink/message_definitions/v1.0/standard.xml
Parsing /home/rjrosales/git/thrust_vectoring_ws/src/mavlink/message_definitions/v1.0/standard.xml
Validating /home/rjrosales/git/thrust_vectoring_ws/src/mavlink/message_definitions/v1.0/minimal.xml
Parsing /home/rjrosales/git/thrust_vectoring_ws/src/mavlink/message_definitions/v1.0/minimal.xml
Found 223 MAVLink message types in 3 XML files
Generating C headers
Generating C implementation in directory include/v2.0/common
Generating C implementation in directory include/v2.0/standard
Generating C implementation in directory include/v2.0/minimal
Copying fixed headers for protocol 2.0 to include/v2.0
Generating C++ implementation in directory include/v2.0/common
Generating C++ implementation in directory include/v2.0/standard
Generating C++ implementation in directory include/v2.0/minimal
Copying fixed C++ headers for protocol 2.0 to include/v2.0
[100%] Built target common.xml-v2.0
