[  0%] Built target tf_generate_messages_cpp
[  0%] Built target visualization_msgs_generate_messages_lisp
[  0%] Built target actionlib_msgs_generate_messages_nodejs
[  0%] Built target tf_generate_messages_nodejs
[  0%] Built target trajectory_msgs_generate_messages_nodejs
[  0%] Built target trajectory_msgs_generate_messages_lisp
[  0%] Built target visualization_msgs_generate_messages_nodejs
[  0%] Built target visualization_msgs_generate_messages_py
[  0%] Built target tf2_msgs_generate_messages_nodejs
[  0%] Built target trajectory_msgs_generate_messages_cpp
[  0%] Built target tf2_msgs_generate_messages_lisp
[  5%] Built target servo_state_publisher
[  5%] Built target tf2_msgs_generate_messages_cpp
[  5%] Built target visualization_msgs_generate_messages_eus
[  5%] Built target actionlib_msgs_generate_messages_eus
[  5%] Built target actionlib_generate_messages_cpp
[  5%] Built target tf_generate_messages_eus
[  5%] Built target nav_msgs_generate_messages_cpp
[  5%] Built target actionlib_generate_messages_nodejs
[  5%] Built target trajectory_msgs_generate_messages_eus
[  5%] Built target std_msgs_generate_messages_nodejs
[  5%] Built target roscpp_generate_messages_py
[  5%] Built target rosgraph_msgs_generate_messages_lisp
[  5%] Built target geometry_msgs_generate_messages_eus
[  5%] Built target nav_msgs_generate_messages_eus
[  5%] Built target actionlib_generate_messages_py
[  5%] Built target roscpp_generate_messages_cpp
[  5%] Built target std_msgs_generate_messages_cpp
[  5%] Built target std_msgs_generate_messages_py
[  5%] Built target diagnostic_msgs_generate_messages_lisp
[  5%] Built target diagnostic_msgs_generate_messages_eus
[  5%] Built target tf2_msgs_generate_messages_eus
[  5%] Built target sensor_msgs_generate_messages_py
[  5%] Built target geometry_msgs_generate_messages_py
[  5%] Built target nav_msgs_generate_messages_py
[  5%] Built target tf_generate_messages_lisp
[  5%] Built target diagnostic_msgs_generate_messages_cpp
[  5%] Built target roscpp_generate_messages_lisp
[  5%] Built target mavros_msgs_generate_messages_eus
[  5%] Built target actionlib_generate_messages_lisp
[  5%] Built target trajectory_msgs_generate_messages_py
[  5%] Built target geometry_msgs_generate_messages_nodejs
[  5%] Built target geometry_msgs_generate_messages_cpp
[  5%] Built target rosgraph_msgs_generate_messages_py
[  5%] Built target actionlib_generate_messages_eus
[  5%] Built target rosgraph_msgs_generate_messages_cpp
[  5%] Built target uuid_msgs_generate_messages_lisp
[  5%] Built target diagnostic_msgs_generate_messages_nodejs
[  5%] Built target std_msgs_generate_messages_lisp
[  5%] Built target geometry_msgs_generate_messages_lisp
[  5%] Built target mavros_msgs_generate_messages_py
[  5%] Built target roscpp_generate_messages_nodejs
[  5%] Built target rosgraph_msgs_generate_messages_nodejs
[  5%] Built target uuid_msgs_generate_messages_eus
[  5%] Built target roscpp_generate_messages_eus
[  5%] Built target uuid_msgs_generate_messages_cpp
[  5%] Built target geographic_msgs_generate_messages_lisp
[  5%] Built target geographic_msgs_generate_messages_cpp
[  5%] Built target geographic_msgs_generate_messages_eus
[  5%] Built target rosgraph_msgs_generate_messages_eus
[  5%] Built target nav_msgs_generate_messages_nodejs
[  5%] Built target sensor_msgs_generate_messages_cpp
[  5%] Built target geographic_msgs_generate_messages_nodejs
[  5%] Built target geographic_msgs_generate_messages_py
[  5%] Built target visualization_msgs_generate_messages_cpp
[  5%] Built target diagnostic_msgs_generate_messages_py
[  5%] Built target sensor_msgs_generate_messages_lisp
[  5%] Built target sensor_msgs_generate_messages_eus
[  5%] Built target tf2_msgs_generate_messages_py
[  5%] Built target uuid_msgs_generate_messages_py
[  5%] Built target uuid_msgs_generate_messages_nodejs
[  5%] Built target mavros_msgs_generate_messages_cpp
[  5%] Built target mavros_msgs_generate_messages_lisp
[  5%] Built target mavros_msgs_generate_messages_nodejs
[  5%] Built target sensor_msgs_generate_messages_nodejs
[  5%] Built target actionlib_msgs_generate_messages_cpp
[  5%] Built target actionlib_msgs_generate_messages_py
[  5%] Built target nav_msgs_generate_messages_lisp
[  5%] Built target tf_generate_messages_py
[  5%] Built target std_msgs_generate_messages_eus
[  5%] Built target actionlib_msgs_generate_messages_lisp
[ 10%] Built target visualization
[ 12%] [32mBuilding CXX object CMakeFiles/mavros_extras.dir/src/plugins/thrust_vectoring_setpoint.cpp.o[0m
[01m[K/home/rjrosales/git/thrust_vectoring_ws/src/mavros/mavros_extras/src/plugins/thrust_vectoring_setpoint.cpp:46:32:[m[K [01;31m[Kerror: [m[Kexpected identifier before numeric constant
   46 |     std::vector <float> angles([01;31m[K6[m[K,0);
      |                                [01;31m[K^[m[K
[01m[K/home/rjrosales/git/thrust_vectoring_ws/src/mavros/mavros_extras/src/plugins/thrust_vectoring_setpoint.cpp:46:32:[m[K [01;31m[Kerror: [m[Kexpected ‘[01m[K,[m[K’ or ‘[01m[K...[m[K’ before numeric constant
[01m[K/home/rjrosales/git/thrust_vectoring_ws/src/mavros/mavros_extras/src/plugins/thrust_vectoring_setpoint.cpp:49:24:[m[K [01;31m[Kerror: [m[KISO C++ forbids declaration of ‘[01m[Kparameter[m[K’ with no type [[01;31m[K-fpermissive[m[K]
   49 |     void thrust_vec_cb([01;31m[Kconst[m[K )
      |                        [01;31m[K^~~~~[m[K
[01m[K/home/rjrosales/git/thrust_vectoring_ws/src/mavros/mavros_extras/src/plugins/thrust_vectoring_setpoint.cpp:49:30:[m[K [01;31m[Kerror: [m[Kexpected ‘[01m[K;[m[K’ at end of member declaration
   49 |     void thrust_vec_cb(const [01;31m[K)[m[K
      |                              [01;31m[K^[m[K
      |                               [32m[K;[m[K
make[2]: *** [CMakeFiles/mavros_extras.dir/build.make:492: CMakeFiles/mavros_extras.dir/src/plugins/thrust_vectoring_setpoint.cpp.o] Error 1
make[1]: *** [CMakeFiles/Makefile2:735: CMakeFiles/mavros_extras.dir/all] Error 2
make: *** [Makefile:141: all] Error 2
