[  0%] Built target trajectory_msgs_generate_messages_nodejs
[  0%] Built target visualization_msgs_generate_messages_py
[  0%] Built target visualization_msgs_generate_messages_nodejs
[  0%] Built target actionlib_msgs_generate_messages_nodejs
[  0%] Built target trajectory_msgs_generate_messages_lisp
[  0%] Built target tf_generate_messages_nodejs
[  0%] Built target trajectory_msgs_generate_messages_cpp
[  0%] Built target visualization_msgs_generate_messages_lisp
[  0%] Built target tf2_msgs_generate_messages_lisp
[  0%] Built target tf_generate_messages_cpp
[  5%] Built target servo_state_publisher
[  5%] Built target tf2_msgs_generate_messages_nodejs
[  5%] Built target tf2_msgs_generate_messages_cpp
[  5%] Built target tf_generate_messages_eus
[  5%] Built target actionlib_generate_messages_cpp
[  5%] Built target actionlib_msgs_generate_messages_eus
[  5%] Built target actionlib_generate_messages_nodejs
[  5%] Built target trajectory_msgs_generate_messages_eus
[  5%] Built target nav_msgs_generate_messages_cpp
[  5%] Built target roscpp_generate_messages_py
[  5%] Built target rosgraph_msgs_generate_messages_lisp
[  5%] Built target visualization_msgs_generate_messages_eus
[  5%] Built target std_msgs_generate_messages_nodejs
[  5%] Built target geometry_msgs_generate_messages_eus
[  5%] Built target diagnostic_msgs_generate_messages_lisp
[  5%] Built target actionlib_generate_messages_py
[  5%] Built target nav_msgs_generate_messages_eus
[  5%] Built target std_msgs_generate_messages_cpp
[  5%] Built target roscpp_generate_messages_cpp
[  5%] Built target diagnostic_msgs_generate_messages_eus
[  5%] Built target std_msgs_generate_messages_py
[  5%] Built target sensor_msgs_generate_messages_py
[  5%] Built target tf2_msgs_generate_messages_eus
[  5%] Built target geometry_msgs_generate_messages_py
[  5%] Built target nav_msgs_generate_messages_py
[  5%] Built target tf_generate_messages_lisp
[  5%] Built target rosgraph_msgs_generate_messages_py
[  5%] Built target actionlib_generate_messages_lisp
[  5%] Built target roscpp_generate_messages_lisp
[  5%] Built target diagnostic_msgs_generate_messages_cpp
[  5%] Built target geometry_msgs_generate_messages_cpp
[  5%] Built target actionlib_generate_messages_eus
[  5%] Built target geometry_msgs_generate_messages_nodejs
[  5%] Built target rosgraph_msgs_generate_messages_cpp
[  5%] Built target diagnostic_msgs_generate_messages_nodejs
[  5%] Built target mavros_msgs_generate_messages_eus
[  5%] Built target uuid_msgs_generate_messages_lisp
[  5%] Built target trajectory_msgs_generate_messages_py
[  5%] Built target roscpp_generate_messages_nodejs
[  5%] Built target geometry_msgs_generate_messages_lisp
[  5%] Built target mavros_msgs_generate_messages_py
[  5%] Built target std_msgs_generate_messages_lisp
[  5%] Built target roscpp_generate_messages_eus
[  5%] Built target uuid_msgs_generate_messages_eus
[  5%] Built target uuid_msgs_generate_messages_cpp
[  5%] Built target rosgraph_msgs_generate_messages_eus
[  5%] Built target geographic_msgs_generate_messages_cpp
[  5%] Built target geographic_msgs_generate_messages_lisp
[  5%] Built target rosgraph_msgs_generate_messages_nodejs
[  5%] Built target geographic_msgs_generate_messages_eus
[  5%] Built target nav_msgs_generate_messages_nodejs
[  5%] Built target diagnostic_msgs_generate_messages_py
[  5%] Built target geographic_msgs_generate_messages_nodejs
[  5%] Built target sensor_msgs_generate_messages_cpp
[  5%] Built target visualization_msgs_generate_messages_cpp
[  5%] Built target sensor_msgs_generate_messages_lisp
[  5%] Built target sensor_msgs_generate_messages_eus
[  5%] Built target geographic_msgs_generate_messages_py
[  5%] Built target uuid_msgs_generate_messages_nodejs
[  5%] Built target uuid_msgs_generate_messages_py
[  5%] Built target mavros_msgs_generate_messages_cpp
[  5%] Built target tf2_msgs_generate_messages_py
[  5%] Built target mavros_msgs_generate_messages_nodejs
[  5%] Built target actionlib_msgs_generate_messages_py
[  5%] Built target sensor_msgs_generate_messages_nodejs
[  5%] Built target mavros_msgs_generate_messages_lisp
[  5%] Built target std_msgs_generate_messages_eus
[  5%] Built target nav_msgs_generate_messages_lisp
[  5%] Built target actionlib_msgs_generate_messages_lisp
[  5%] Built target actionlib_msgs_generate_messages_cpp
[  5%] Built target tf_generate_messages_py
[ 10%] Built target visualization
[35m[1mScanning dependencies of target mavros_extras[0m
[ 12%] [32mBuilding CXX object CMakeFiles/mavros_extras.dir/src/plugins/thrust_vectoring_setpoint.cpp.o[0m
[ 15%] [32m[1mLinking CXX shared library /home/rjrosales/git/thrust_vectoring_ws/devel/.private/mavros_extras/lib/libmavros_extras.so[0m
[100%] Built target mavros_extras
