[35m[1mScanning dependencies of target trajectory_msgs_generate_messages_nodejs[0m
[35m[1mScanning dependencies of target actionlib_msgs_generate_messages_nodejs[0m
[35m[1mScanning dependencies of target visualization_msgs_generate_messages_py[0m
[35m[1mScanning dependencies of target servo_state_publisher[0m
[35m[1mScanning dependencies of target visualization_msgs_generate_messages_lisp[0m
[35m[1mScanning dependencies of target visualization_msgs_generate_messages_nodejs[0m
[35m[1mScanning dependencies of target tf_generate_messages_cpp[0m
[35m[1mScanning dependencies of target tf_generate_messages_nodejs[0m
[35m[1mScanning dependencies of target trajectory_msgs_generate_messages_lisp[0m
[35m[1mScanning dependencies of target trajectory_msgs_generate_messages_cpp[0m
[35m[1mScanning dependencies of target tf2_msgs_generate_messages_lisp[0m
[  0%] Built target tf2_msgs_generate_messages_lisp
[35m[1mScanning dependencies of target tf2_msgs_generate_messages_nodejs[0m
[  0%] Built target trajectory_msgs_generate_messages_nodejs
[  0%] Built target visualization_msgs_generate_messages_lisp
[  0%] Built target visualization_msgs_generate_messages_nodejs
[  0%] Built target visualization_msgs_generate_messages_py
[  0%] Built target tf_generate_messages_nodejs
[  0%] Built target actionlib_msgs_generate_messages_nodejs
[  0%] Built target tf_generate_messages_cpp
[  0%] Built target trajectory_msgs_generate_messages_lisp
[  0%] Built target trajectory_msgs_generate_messages_cpp
[  0%] Built target tf2_msgs_generate_messages_nodejs
[35m[1mScanning dependencies of target tf2_msgs_generate_messages_cpp[0m
[35m[1mScanning dependencies of target actionlib_generate_messages_nodejs[0m
[35m[1mScanning dependencies of target actionlib_msgs_generate_messages_eus[0m
[35m[1mScanning dependencies of target rosgraph_msgs_generate_messages_lisp[0m
[35m[1mScanning dependencies of target tf_generate_messages_eus[0m
[35m[1mScanning dependencies of target actionlib_generate_messages_cpp[0m
[35m[1mScanning dependencies of target nav_msgs_generate_messages_cpp[0m
[35m[1mScanning dependencies of target visualization_msgs_generate_messages_eus[0m
[35m[1mScanning dependencies of target trajectory_msgs_generate_messages_eus[0m
[35m[1mScanning dependencies of target roscpp_generate_messages_py[0m
[35m[1mScanning dependencies of target std_msgs_generate_messages_nodejs[0m
[  0%] Built target tf2_msgs_generate_messages_cpp
[  0%] Built target actionlib_generate_messages_nodejs
[  0%] Built target visualization_msgs_generate_messages_eus
[  0%] Built target actionlib_msgs_generate_messages_eus
[  0%] Built target rosgraph_msgs_generate_messages_lisp
[  0%] Built target tf_generate_messages_eus
[  0%] Built target actionlib_generate_messages_cpp
[  0%] Built target trajectory_msgs_generate_messages_eus
[  0%] Built target nav_msgs_generate_messages_cpp
[  2%] [32mBuilding CXX object CMakeFiles/servo_state_publisher.dir/src/servo_state_publisher.cpp.o[0m
[  2%] Built target roscpp_generate_messages_py
[  2%] Built target std_msgs_generate_messages_nodejs
[35m[1mScanning dependencies of target geometry_msgs_generate_messages_eus[0m
[35m[1mScanning dependencies of target std_msgs_generate_messages_py[0m
[35m[1mScanning dependencies of target diagnostic_msgs_generate_messages_lisp[0m
[35m[1mScanning dependencies of target std_msgs_generate_messages_cpp[0m
[35m[1mScanning dependencies of target nav_msgs_generate_messages_eus[0m
[35m[1mScanning dependencies of target actionlib_generate_messages_py[0m
[35m[1mScanning dependencies of target roscpp_generate_messages_cpp[0m
[35m[1mScanning dependencies of target diagnostic_msgs_generate_messages_eus[0m
[35m[1mScanning dependencies of target geometry_msgs_generate_messages_py[0m
[35m[1mScanning dependencies of target tf2_msgs_generate_messages_eus[0m
[35m[1mScanning dependencies of target sensor_msgs_generate_messages_py[0m
[  2%] Built target geometry_msgs_generate_messages_eus
[  2%] Built target std_msgs_generate_messages_cpp
[  2%] Built target std_msgs_generate_messages_py
[  2%] Built target actionlib_generate_messages_py
[  2%] Built target diagnostic_msgs_generate_messages_lisp
[  2%] Built target diagnostic_msgs_generate_messages_eus
[  2%] Built target nav_msgs_generate_messages_eus
[  2%] Built target roscpp_generate_messages_cpp
[  2%] Built target geometry_msgs_generate_messages_py
[  2%] Built target sensor_msgs_generate_messages_py
[  2%] Built target tf2_msgs_generate_messages_eus
[35m[1mScanning dependencies of target tf_generate_messages_lisp[0m
[35m[1mScanning dependencies of target nav_msgs_generate_messages_py[0m
[35m[1mScanning dependencies of target diagnostic_msgs_generate_messages_cpp[0m
[35m[1mScanning dependencies of target roscpp_generate_messages_lisp[0m
[35m[1mScanning dependencies of target mavros_msgs_generate_messages_eus[0m
[35m[1mScanning dependencies of target rosgraph_msgs_generate_messages_py[0m
[35m[1mScanning dependencies of target actionlib_generate_messages_lisp[0m
[35m[1mScanning dependencies of target geometry_msgs_generate_messages_cpp[0m
[  2%] Built target tf_generate_messages_lisp
[35m[1mScanning dependencies of target geometry_msgs_generate_messages_nodejs[0m
[35m[1mScanning dependencies of target trajectory_msgs_generate_messages_py[0m
[  2%] Built target nav_msgs_generate_messages_py
[  2%] Built target diagnostic_msgs_generate_messages_cpp
[35m[1mScanning dependencies of target actionlib_generate_messages_eus[0m
[  2%] Built target trajectory_msgs_generate_messages_py
[  2%] Built target rosgraph_msgs_generate_messages_py
[  2%] Built target mavros_msgs_generate_messages_eus
[  2%] Built target actionlib_generate_messages_lisp
[  2%] Built target geometry_msgs_generate_messages_cpp
[35m[1mScanning dependencies of target uuid_msgs_generate_messages_lisp[0m
[35m[1mScanning dependencies of target diagnostic_msgs_generate_messages_nodejs[0m
[  2%] Built target roscpp_generate_messages_lisp
[  2%] Built target actionlib_generate_messages_eus
[35m[1mScanning dependencies of target rosgraph_msgs_generate_messages_cpp[0m
[  2%] Built target geometry_msgs_generate_messages_nodejs
[35m[1mScanning dependencies of target roscpp_generate_messages_nodejs[0m
[35m[1mScanning dependencies of target std_msgs_generate_messages_lisp[0m
[35m[1mScanning dependencies of target roscpp_generate_messages_eus[0m
[35m[1mScanning dependencies of target mavros_msgs_generate_messages_py[0m
[35m[1mScanning dependencies of target geometry_msgs_generate_messages_lisp[0m
[  2%] Built target uuid_msgs_generate_messages_lisp
[  2%] Built target diagnostic_msgs_generate_messages_nodejs
[35m[1mScanning dependencies of target uuid_msgs_generate_messages_eus[0m
[  2%] Built target rosgraph_msgs_generate_messages_cpp
[35m[1mScanning dependencies of target uuid_msgs_generate_messages_cpp[0m
[35m[1mScanning dependencies of target rosgraph_msgs_generate_messages_nodejs[0m
[  2%] Built target uuid_msgs_generate_messages_eus
[  2%] Built target roscpp_generate_messages_nodejs
[  2%] Built target geometry_msgs_generate_messages_lisp
[  2%] Built target uuid_msgs_generate_messages_cpp
[  2%] Built target mavros_msgs_generate_messages_py
[35m[1mScanning dependencies of target geographic_msgs_generate_messages_cpp[0m
[35m[1mScanning dependencies of target rosgraph_msgs_generate_messages_eus[0m
[35m[1mScanning dependencies of target geographic_msgs_generate_messages_eus[0m
[  2%] Built target roscpp_generate_messages_eus
[  2%] Built target std_msgs_generate_messages_lisp
[  2%] Built target rosgraph_msgs_generate_messages_nodejs
[35m[1mScanning dependencies of target diagnostic_msgs_generate_messages_py[0m
[35m[1mScanning dependencies of target geographic_msgs_generate_messages_lisp[0m
[35m[1mScanning dependencies of target nav_msgs_generate_messages_nodejs[0m
[  2%] Built target rosgraph_msgs_generate_messages_eus
[35m[1mScanning dependencies of target sensor_msgs_generate_messages_cpp[0m
[  2%] Built target geographic_msgs_generate_messages_cpp
[35m[1mScanning dependencies of target visualization_msgs_generate_messages_cpp[0m
[35m[1mScanning dependencies of target geographic_msgs_generate_messages_nodejs[0m
[35m[1mScanning dependencies of target geographic_msgs_generate_messages_py[0m
[  2%] Built target geographic_msgs_generate_messages_eus
[35m[1mScanning dependencies of target sensor_msgs_generate_messages_eus[0m
[  2%] Built target nav_msgs_generate_messages_nodejs
[  2%] Built target geographic_msgs_generate_messages_lisp
[35m[1mScanning dependencies of target sensor_msgs_generate_messages_lisp[0m
[35m[1mScanning dependencies of target uuid_msgs_generate_messages_nodejs[0m
[  2%] Built target geographic_msgs_generate_messages_py
[  2%] Built target sensor_msgs_generate_messages_cpp
[  2%] Built target geographic_msgs_generate_messages_nodejs
[  2%] Built target diagnostic_msgs_generate_messages_py
[  2%] Built target visualization_msgs_generate_messages_cpp
[35m[1mScanning dependencies of target uuid_msgs_generate_messages_py[0m
[  2%] Built target sensor_msgs_generate_messages_eus
[35m[1mScanning dependencies of target tf2_msgs_generate_messages_py[0m
[35m[1mScanning dependencies of target mavros_msgs_generate_messages_cpp[0m
[  2%] Built target uuid_msgs_generate_messages_nodejs
[  2%] Built target sensor_msgs_generate_messages_lisp
[35m[1mScanning dependencies of target mavros_msgs_generate_messages_lisp[0m
[35m[1mScanning dependencies of target sensor_msgs_generate_messages_nodejs[0m
[35m[1mScanning dependencies of target mavros_msgs_generate_messages_nodejs[0m
[35m[1mScanning dependencies of target actionlib_msgs_generate_messages_py[0m
[35m[1mScanning dependencies of target nav_msgs_generate_messages_lisp[0m
[  2%] Built target uuid_msgs_generate_messages_py
[35m[1mScanning dependencies of target actionlib_msgs_generate_messages_cpp[0m
[  2%] Built target mavros_msgs_generate_messages_lisp
[  2%] Built target tf2_msgs_generate_messages_py
[  2%] Built target mavros_msgs_generate_messages_cpp
[35m[1mScanning dependencies of target tf_generate_messages_py[0m
[35m[1mScanning dependencies of target actionlib_msgs_generate_messages_lisp[0m
[  2%] Built target sensor_msgs_generate_messages_nodejs
[  2%] Built target mavros_msgs_generate_messages_nodejs
[  2%] Built target actionlib_msgs_generate_messages_py
[  2%] Built target nav_msgs_generate_messages_lisp
[35m[1mScanning dependencies of target std_msgs_generate_messages_eus[0m
[  2%] Built target actionlib_msgs_generate_messages_cpp
[  2%] Built target tf_generate_messages_py
[  2%] Built target actionlib_msgs_generate_messages_lisp
[35m[1mScanning dependencies of target visualization[0m
[  2%] Built target std_msgs_generate_messages_eus
[35m[1mScanning dependencies of target mavros_extras[0m
[  5%] [32mBuilding CXX object CMakeFiles/visualization.dir/src/visualization.cpp.o[0m
[ 10%] [32mBuilding CXX object CMakeFiles/mavros_extras.dir/src/plugins/adsb.cpp.o[0m
[ 10%] [32mBuilding CXX object CMakeFiles/mavros_extras.dir/src/plugins/cam_imu_sync.cpp.o[0m
[ 12%] [32mBuilding CXX object CMakeFiles/mavros_extras.dir/src/plugins/camera.cpp.o[0m
[ 17%] [32mBuilding CXX object CMakeFiles/mavros_extras.dir/src/plugins/companion_process_status.cpp.o[0m
[ 17%] [32mBuilding CXX object CMakeFiles/mavros_extras.dir/src/plugins/cellular_status.cpp.o[0m
[ 20%] [32mBuilding CXX object CMakeFiles/mavros_extras.dir/src/plugins/onboard_computer_status.cpp.o[0m
[ 23%] [32mBuilding CXX object CMakeFiles/mavros_extras.dir/src/plugins/debug_value.cpp.o[0m
[ 25%] [32mBuilding CXX object CMakeFiles/mavros_extras.dir/src/plugins/distance_sensor.cpp.o[0m
[ 28%] [32mBuilding CXX object CMakeFiles/mavros_extras.dir/src/plugins/esc_status.cpp.o[0m
[ 30%] [32mBuilding CXX object CMakeFiles/mavros_extras.dir/src/plugins/esc_telemetry.cpp.o[0m
[ 33%] [32m[1mLinking CXX executable /home/rjrosales/git/thrust_vectoring_ws/devel/.private/mavros_extras/lib/mavros_extras/servo_state_publisher[0m
[ 33%] Built target servo_state_publisher
[ 35%] [32mBuilding CXX object CMakeFiles/mavros_extras.dir/src/plugins/fake_gps.cpp.o[0m
[ 38%] [32m[1mLinking CXX executable /home/rjrosales/git/thrust_vectoring_ws/devel/.private/mavros_extras/lib/mavros_extras/visualization[0m
[ 38%] Built target visualization
[ 41%] [32mBuilding CXX object CMakeFiles/mavros_extras.dir/src/plugins/gps_input.cpp.o[0m
[ 43%] [32mBuilding CXX object CMakeFiles/mavros_extras.dir/src/plugins/gps_rtk.cpp.o[0m
[ 46%] [32mBuilding CXX object CMakeFiles/mavros_extras.dir/src/plugins/gps_status.cpp.o[0m
[ 48%] [32mBuilding CXX object CMakeFiles/mavros_extras.dir/src/plugins/landing_target.cpp.o[0m
[ 51%] [32mBuilding CXX object CMakeFiles/mavros_extras.dir/src/plugins/log_transfer.cpp.o[0m
[ 53%] [32mBuilding CXX object CMakeFiles/mavros_extras.dir/src/plugins/mag_calibration_status.cpp.o[0m
[ 56%] [32mBuilding CXX object CMakeFiles/mavros_extras.dir/src/plugins/mocap_pose_estimate.cpp.o[0m
[ 58%] [32mBuilding CXX object CMakeFiles/mavros_extras.dir/src/plugins/mount_control.cpp.o[0m
[ 61%] [32mBuilding CXX object CMakeFiles/mavros_extras.dir/src/plugins/obstacle_distance.cpp.o[0m
[ 64%] [32mBuilding CXX object CMakeFiles/mavros_extras.dir/src/plugins/odom.cpp.o[0m
[ 66%] [32mBuilding CXX object CMakeFiles/mavros_extras.dir/src/plugins/play_tune.cpp.o[0m
[ 69%] [32mBuilding CXX object CMakeFiles/mavros_extras.dir/src/plugins/px4flow.cpp.o[0m
[ 71%] [32mBuilding CXX object CMakeFiles/mavros_extras.dir/src/plugins/rangefinder.cpp.o[0m
[ 74%] [32mBuilding CXX object CMakeFiles/mavros_extras.dir/src/plugins/terrain.cpp.o[0m
[ 76%] [32mBuilding CXX object CMakeFiles/mavros_extras.dir/src/plugins/trajectory.cpp.o[0m
[ 79%] [32mBuilding CXX object CMakeFiles/mavros_extras.dir/src/plugins/tunnel.cpp.o[0m
[ 82%] [32mBuilding CXX object CMakeFiles/mavros_extras.dir/src/plugins/vibration.cpp.o[0m
[ 84%] [32mBuilding CXX object CMakeFiles/mavros_extras.dir/src/plugins/vision_pose_estimate.cpp.o[0m
[ 87%] [32mBuilding CXX object CMakeFiles/mavros_extras.dir/src/plugins/vision_speed_estimate.cpp.o[0m
[ 89%] [32mBuilding CXX object CMakeFiles/mavros_extras.dir/src/plugins/wheel_odometry.cpp.o[0m
[ 92%] [32mBuilding CXX object CMakeFiles/mavros_extras.dir/src/plugins/guided_target.cpp.o[0m
[ 94%] [32mBuilding CXX object CMakeFiles/mavros_extras.dir/src/plugins/keyboard_command.cpp.o[0m
[ 97%] [32mBuilding CXX object CMakeFiles/mavros_extras.dir/src/plugins/thrust_vectoring_setpoint.cpp.o[0m
[01m[K/home/rjrosales/git/thrust_vectoring_ws/src/mavros/mavros_extras/src/plugins/thrust_vectoring_setpoint.cpp:46:32:[m[K [01;31m[Kerror: [m[Kexpected identifier before numeric constant
   46 |     std::vector <float> angles([01;31m[K6[m[K,0);
      |                                [01;31m[K^[m[K
[01m[K/home/rjrosales/git/thrust_vectoring_ws/src/mavros/mavros_extras/src/plugins/thrust_vectoring_setpoint.cpp:46:32:[m[K [01;31m[Kerror: [m[Kexpected ‘[01m[K,[m[K’ or ‘[01m[K...[m[K’ before numeric constant
[01m[K/home/rjrosales/git/thrust_vectoring_ws/src/mavros/mavros_extras/src/plugins/thrust_vectoring_setpoint.cpp:49:24:[m[K [01;31m[Kerror: [m[KISO C++ forbids declaration of ‘[01m[Kparameter[m[K’ with no type [[01;31m[K-fpermissive[m[K]
   49 |     void thrust_vec_cb([01;31m[Kconst[m[K )
      |                        [01;31m[K^~~~~[m[K
[01m[K/home/rjrosales/git/thrust_vectoring_ws/src/mavros/mavros_extras/src/plugins/thrust_vectoring_setpoint.cpp:49:30:[m[K [01;31m[Kerror: [m[Kexpected ‘[01m[K;[m[K’ at end of member declaration
   49 |     void thrust_vec_cb(const [01;31m[K)[m[K
      |                              [01;31m[K^[m[K
      |                               [32m[K;[m[K
make[2]: *** [CMakeFiles/mavros_extras.dir/build.make:492: CMakeFiles/mavros_extras.dir/src/plugins/thrust_vectoring_setpoint.cpp.o] Error 1
make[2]: *** Waiting for unfinished jobs....
make[1]: *** [CMakeFiles/Makefile2:735: CMakeFiles/mavros_extras.dir/all] Error 2
make: *** [Makefile:141: all] Error 2
